<?xml version="1.0" encoding="UTF-8"?>
<!-- Generated by org.testng.reporters.JUnitXMLReporter -->
<testsuite ignored="0" hostname="PHANI" failures="0" tests="1" name="Test-Runner-1" time="26.772" errors="0" timestamp="2023-07-30T08:20:25 IST">
  <testcase classname="vtiger.Organizationtests.CreateOrganizationWithIndustryTest" name="CreateOrgWithIndustryTest" time="14.37"/>
</testsuite> <!-- Test-Runner-1 -->
