<?xml version="1.0" encoding="UTF-8"?>
<!-- Generated by org.testng.reporters.JUnitXMLReporter -->
<testsuite ignored="0" hostname="PHANI" failures="0" tests="2" name="Test-Runner-2" time="35.447" errors="0" timestamp="2023-07-30T08:20:33 IST">
  <testcase classname="vtiger.Organizationtests.Oganization_Energy_CustomerTest" name="Org_eng_CusterTest" time="14.669"/>
  <testcase classname="vtiger.Organizationtests.Oganization_Energy_CustomerTest" name="sampleTest" time="0.002"/>
</testsuite> <!-- Test-Runner-2 -->
