<?xml version="1.0" encoding="UTF-8"?>
<!-- Generated by org.testng.reporters.JUnitReportReporter -->
<testsuite hostname="PHANI" failures="0" tests="3" name="vtiger.Practice.DataProviderPractice" time="0.015" errors="0" timestamp="2023-07-27T12:26:10 IST" skipped="0">
  <testcase classname="vtiger.Practice.DataProviderPractice" name="addToCartTest" time="0.001"/>
  <system-out/>
  <testcase classname="vtiger.Practice.DataProviderPractice" name="addToCartTest" time="0.001"/>
  <system-out/>
  <testcase classname="vtiger.Practice.DataProviderPractice" name="addToCartTest" time="0.013"/>
  <system-out/>
</testsuite> <!-- vtiger.Practice.DataProviderPractice -->
