<?xml version="1.0" encoding="UTF-8"?>
<!-- Generated by org.testng.reporters.JUnitReportReporter -->
<testsuite hostname="PHANI" failures="0" tests="1" name="vtiger.Practice.AssertionsPractices" time="0.012" errors="0" timestamp="2023-07-29T16:41:51 IST" skipped="0">
  <testcase classname="vtiger.Practice.AssertionsPractices" name="sampleclass" time="0.012"/>
  <system-out/>
</testsuite> <!-- vtiger.Practice.AssertionsPractices -->
