<?xml version="1.0" encoding="UTF-8"?>
<!-- Generated by org.testng.reporters.JUnitReportReporter -->
<testsuite hostname="PHANI" failures="0" tests="1" name="vtiger.Practice.ReadDataFromCmdLineTest" time="0.012" errors="0" timestamp="2023-08-01T20:18:25 IST" skipped="0">
  <testcase classname="vtiger.Practice.ReadDataFromCmdLineTest" name="read" time="0.012"/>
  <system-out/>
</testsuite> <!-- vtiger.Practice.ReadDataFromCmdLineTest -->
