<?xml version="1.0" encoding="UTF-8"?>
<!-- Generated by org.testng.reporters.JUnitReportReporter -->
<testsuite hostname="PHANI" failures="0" tests="1" name="vtiger.Organizationtests.CreateOrganizationWithIndustryTest" time="22.258" errors="0" timestamp="2023-07-30T08:20:33 IST" skipped="0">
  <testcase classname="vtiger.Organizationtests.CreateOrganizationWithIndustryTest" name="CreateOrgWithIndustryTest" time="22.258"/>
  <system-out/>
</testsuite> <!-- vtiger.Organizationtests.CreateOrganizationWithIndustryTest -->
